{"/Users/rakeshroy/Documents/Projects/saas-builder-project/packages/email-notify/src/EmailNotifyService.ts": {"path":"/Users/rakeshroy/Documents/Projects/saas-builder-project/packages/email-notify/src/EmailNotifyService.ts","statementMap":{"0":{"start":{"line":2,"column":0},"end":{"line":2,"column":60}},"1":{"start":{"line":3,"column":0},"end":{"line":3,"column":52}},"2":{"start":{"line":11,"column":0},"end":{"line":11,"column":77}},"3":{"start":{"line":12,"column":0},"end":{"line":12,"column":73}},"4":{"start":{"line":13,"column":0},"end":{"line":13,"column":69}},"5":{"start":{"line":25,"column":4},"end":{"line":25,"column":25}},"6":{"start":{"line":27,"column":4},"end":{"line":33,"column":5}},"7":{"start":{"line":28,"column":6},"end":{"line":28,"column":37}},"8":{"start":{"line":29,"column":11},"end":{"line":33,"column":5}},"9":{"start":{"line":30,"column":6},"end":{"line":30,"column":63}},"10":{"start":{"line":32,"column":6},"end":{"line":32,"column":60}},"11":{"start":{"line":35,"column":4},"end":{"line":35,"column":85}},"12":{"start":{"line":43,"column":18},"end":{"line":43,"column":58}},"13":{"start":{"line":44,"column":21},"end":{"line":44,"column":98}},"14":{"start":{"line":45,"column":19},"end":{"line":49,"column":6}},"15":{"start":{"line":51,"column":4},"end":{"line":51,"column":32}},"16":{"start":{"line":55,"column":4},"end":{"line":55,"column":48}},"17":{"start":{"line":59,"column":21},"end":{"line":59,"column":55}},"18":{"start":{"line":60,"column":4},"end":{"line":64,"column":7}},"19":{"start":{"line":68,"column":21},"end":{"line":68,"column":57}},"20":{"start":{"line":69,"column":4},"end":{"line":73,"column":7}},"21":{"start":{"line":15,"column":0},"end":{"line":15,"column":13}}},"fnMap":{"0":{"name":"(anonymous_0)","decl":{"start":{"line":20,"column":2},"end":{"line":20,"column":null}},"loc":{"start":{"line":23,"column":35},"end":{"line":36,"column":3}}},"1":{"name":"(anonymous_1)","decl":{"start":{"line":38,"column":2},"end":{"line":38,"column":7}},"loc":{"start":{"line":41,"column":20},"end":{"line":52,"column":3}}},"2":{"name":"(anonymous_2)","decl":{"start":{"line":54,"column":2},"end":{"line":54,"column":7}},"loc":{"start":{"line":54,"column":43},"end":{"line":56,"column":3}}},"3":{"name":"(anonymous_3)","decl":{"start":{"line":58,"column":2},"end":{"line":58,"column":7}},"loc":{"start":{"line":58,"column":59},"end":{"line":65,"column":3}}},"4":{"name":"(anonymous_4)","decl":{"start":{"line":67,"column":2},"end":{"line":67,"column":7}},"loc":{"start":{"line":67,"column":63},"end":{"line":74,"column":3}}}},"branchMap":{"0":{"loc":{"start":{"line":27,"column":4},"end":{"line":33,"column":5}},"type":"if","locations":[{"start":{"line":27,"column":4},"end":{"line":33,"column":5}},{"start":{"line":29,"column":11},"end":{"line":33,"column":5}}]},"1":{"loc":{"start":{"line":29,"column":11},"end":{"line":33,"column":5}},"type":"if","locations":[{"start":{"line":29,"column":11},"end":{"line":33,"column":5}},{"start":{"line":31,"column":11},"end":{"line":33,"column":5}}]},"2":{"loc":{"start":{"line":29,"column":15},"end":{"line":29,"column":68}},"type":"binary-expr","locations":[{"start":{"line":29,"column":15},"end":{"line":29,"column":43}},{"start":{"line":29,"column":47},"end":{"line":29,"column":68}}]},"3":{"loc":{"start":{"line":35,"column":53},"end":{"line":35,"column":83}},"type":"binary-expr","locations":[{"start":{"line":35,"column":53},"end":{"line":35,"column":75}},{"start":{"line":35,"column":79},"end":{"line":35,"column":83}}]}},"s":{"0":1,"1":1,"2":1,"3":1,"4":1,"5":7,"6":7,"7":6,"8":1,"9":0,"10":1,"11":6,"12":3,"13":3,"14":3,"15":3,"16":2,"17":2,"18":2,"19":1,"20":1,"21":1},"f":{"0":7,"1":3,"2":2,"3":2,"4":1},"b":{"0":[6,1],"1":[0,1],"2":[1,0],"3":[6,5]}}
,"/Users/rakeshroy/Documents/Projects/saas-builder-project/packages/email-notify/src/providers/ResendProvider.ts": {"path":"/Users/rakeshroy/Documents/Projects/saas-builder-project/packages/email-notify/src/providers/ResendProvider.ts","statementMap":{"0":{"start":{"line":1,"column":0},"end":{"line":1,"column":32}},"1":{"start":{"line":9,"column":4},"end":{"line":9,"column":37}},"2":{"start":{"line":13,"column":4},"end":{"line":34,"column":5}},"3":{"start":{"line":14,"column":30},"end":{"line":20,"column":8}},"4":{"start":{"line":22,"column":6},"end":{"line":27,"column":7}},"5":{"start":{"line":23,"column":8},"end":{"line":26,"column":10}},"6":{"start":{"line":29,"column":6},"end":{"line":29,"column":52}},"7":{"start":{"line":32,"column":8},"end":{"line":32,"column":80}},"8":{"start":{"line":33,"column":6},"end":{"line":33,"column":52}},"9":{"start":{"line":5,"column":0},"end":{"line":5,"column":13}}},"fnMap":{"0":{"name":"(anonymous_0)","decl":{"start":{"line":8,"column":2},"end":{"line":8,"column":14}},"loc":{"start":{"line":8,"column":28},"end":{"line":10,"column":3}}},"1":{"name":"(anonymous_1)","decl":{"start":{"line":12,"column":2},"end":{"line":12,"column":7}},"loc":{"start":{"line":12,"column":34},"end":{"line":35,"column":3}}}},"branchMap":{"0":{"loc":{"start":{"line":22,"column":6},"end":{"line":27,"column":7}},"type":"if","locations":[{"start":{"line":22,"column":6},"end":{"line":27,"column":7}},{"start":{},"end":{}}]},"1":{"loc":{"start":{"line":25,"column":17},"end":{"line":25,"column":68}},"type":"binary-expr","locations":[{"start":{"line":25,"column":17},"end":{"line":25,"column":30}},{"start":{"line":25,"column":34},"end":{"line":25,"column":68}}]},"2":{"loc":{"start":{"line":32,"column":8},"end":{"line":32,"column":80}},"type":"cond-expr","locations":[{"start":{"line":32,"column":33},"end":{"line":32,"column":46}},{"start":{"line":32,"column":49},"end":{"line":32,"column":80}}]}},"s":{"0":2,"1":4,"2":4,"3":4,"4":3,"5":1,"6":2,"7":1,"8":1,"9":2},"f":{"0":4,"1":4},"b":{"0":[1,2],"1":[1,0],"2":[1,0]}}
,"/Users/rakeshroy/Documents/Projects/saas-builder-project/packages/email-notify/src/templates/appointment-cancel.ts": {"path":"/Users/rakeshroy/Documents/Projects/saas-builder-project/packages/email-notify/src/templates/appointment-cancel.ts","statementMap":{"0":{"start":{"line":3,"column":0},"end":{"line":3,"column":16}},"1":{"start":{"line":4,"column":24},"end":{"line":7,"column":4}},"2":{"start":{"line":9,"column":15},"end":{"line":24,"column":4}},"3":{"start":{"line":26,"column":2},"end":{"line":30,"column":4}}},"fnMap":{"0":{"name":"buildAppointmentCancelEmail","decl":{"start":{"line":3,"column":16},"end":{"line":3,"column":43}},"loc":{"start":{"line":3,"column":77},"end":{"line":31,"column":1}}}},"branchMap":{"0":{"loc":{"start":{"line":17,"column":8},"end":{"line":19,"column":null}},"type":"cond-expr","locations":[{"start":{"line":18,"column":12},"end":{"line":18,"column":133}},{"start":{"line":19,"column":12},"end":{"line":19,"column":null}}]}},"s":{"0":1,"1":1,"2":1,"3":1},"f":{"0":1},"b":{"0":[1,0]}}
,"/Users/rakeshroy/Documents/Projects/saas-builder-project/packages/email-notify/src/templates/appointment-save.ts": {"path":"/Users/rakeshroy/Documents/Projects/saas-builder-project/packages/email-notify/src/templates/appointment-save.ts","statementMap":{"0":{"start":{"line":3,"column":0},"end":{"line":3,"column":16}},"1":{"start":{"line":4,"column":24},"end":{"line":7,"column":4}},"2":{"start":{"line":9,"column":15},"end":{"line":28,"column":4}},"3":{"start":{"line":30,"column":2},"end":{"line":34,"column":4}}},"fnMap":{"0":{"name":"buildAppointmentSaveEmail","decl":{"start":{"line":3,"column":16},"end":{"line":3,"column":41}},"loc":{"start":{"line":3,"column":73},"end":{"line":35,"column":1}}}},"branchMap":{"0":{"loc":{"start":{"line":17,"column":8},"end":{"line":19,"column":null}},"type":"cond-expr","locations":[{"start":{"line":18,"column":12},"end":{"line":18,"column":125}},{"start":{"line":19,"column":12},"end":{"line":19,"column":null}}]},"1":{"loc":{"start":{"line":22,"column":8},"end":{"line":24,"column":null}},"type":"cond-expr","locations":[{"start":{"line":23,"column":12},"end":{"line":23,"column":146}},{"start":{"line":24,"column":12},"end":{"line":24,"column":null}}]}},"s":{"0":1,"1":2,"2":2,"3":2},"f":{"0":2},"b":{"0":[0,2],"1":[0,2]}}
,"/Users/rakeshroy/Documents/Projects/saas-builder-project/packages/email-notify/src/templates/reset-password.ts": {"path":"/Users/rakeshroy/Documents/Projects/saas-builder-project/packages/email-notify/src/templates/reset-password.ts","statementMap":{"0":{"start":{"line":3,"column":0},"end":{"line":3,"column":16}},"1":{"start":{"line":7,"column":19},"end":{"line":7,"column":72}},"2":{"start":{"line":8,"column":15},"end":{"line":18,"column":4}},"3":{"start":{"line":19,"column":15},"end":{"line":19,"column":69}},"4":{"start":{"line":21,"column":2},"end":{"line":25,"column":4}}},"fnMap":{"0":{"name":"buildResetPasswordEmail","decl":{"start":{"line":3,"column":16},"end":{"line":3,"column":39}},"loc":{"start":{"line":5,"column":20},"end":{"line":26,"column":1}}}},"branchMap":{},"s":{"0":1,"1":3,"2":3,"3":3,"4":3},"f":{"0":3},"b":{}}
,"/Users/rakeshroy/Documents/Projects/saas-builder-project/packages/email-notify/src/token/TokenService.ts": {"path":"/Users/rakeshroy/Documents/Projects/saas-builder-project/packages/email-notify/src/token/TokenService.ts","statementMap":{"0":{"start":{"line":1,"column":0},"end":{"line":1,"column":49}},"1":{"start":{"line":6,"column":21},"end":{"line":6,"column":39}},"2":{"start":{"line":7,"column":21},"end":{"line":7,"column":42}},"3":{"start":{"line":11,"column":21},"end":{"line":11,"column":52}},"4":{"start":{"line":12,"column":24},"end":{"line":12,"column":75}},"5":{"start":{"line":13,"column":22},"end":{"line":13,"column":67}},"6":{"start":{"line":15,"column":4},"end":{"line":15,"column":58}},"7":{"start":{"line":16,"column":4},"end":{"line":16,"column":20}},"8":{"start":{"line":20,"column":24},"end":{"line":20,"column":75}},"9":{"start":{"line":21,"column":19},"end":{"line":21,"column":53}},"10":{"start":{"line":23,"column":4},"end":{"line":25,"column":5}},"11":{"start":{"line":24,"column":6},"end":{"line":24,"column":18}},"12":{"start":{"line":27,"column":4},"end":{"line":30,"column":5}},"13":{"start":{"line":28,"column":6},"end":{"line":28,"column":47}},"14":{"start":{"line":29,"column":6},"end":{"line":29,"column":18}},"15":{"start":{"line":32,"column":4},"end":{"line":32,"column":45}},"16":{"start":{"line":33,"column":4},"end":{"line":33,"column":25}},"17":{"start":{"line":4,"column":0},"end":{"line":4,"column":13}}},"fnMap":{"0":{"name":"(anonymous_0)","decl":{"start":{"line":5,"column":2},"end":{"line":5,"column":null}},"loc":{"start":{"line":7,"column":46},"end":{"line":8,"column":6}}},"1":{"name":"(anonymous_1)","decl":{"start":{"line":10,"column":2},"end":{"line":10,"column":7}},"loc":{"start":{"line":10,"column":31},"end":{"line":17,"column":3}}},"2":{"name":"(anonymous_2)","decl":{"start":{"line":19,"column":2},"end":{"line":19,"column":7}},"loc":{"start":{"line":19,"column":33},"end":{"line":34,"column":3}}}},"branchMap":{"0":{"loc":{"start":{"line":7,"column":21},"end":{"line":7,"column":46}},"type":"default-arg","locations":[{"start":{"line":7,"column":42},"end":{"line":7,"column":46}}]},"1":{"loc":{"start":{"line":23,"column":4},"end":{"line":25,"column":5}},"type":"if","locations":[{"start":{"line":23,"column":4},"end":{"line":25,"column":5}},{"start":{},"end":{}}]},"2":{"loc":{"start":{"line":27,"column":4},"end":{"line":30,"column":5}},"type":"if","locations":[{"start":{"line":27,"column":4},"end":{"line":30,"column":5}},{"start":{},"end":{}}]}},"s":{"0":2,"1":11,"2":11,"3":7,"4":7,"5":7,"6":7,"7":7,"8":7,"9":7,"10":7,"11":2,"12":5,"13":2,"14":2,"15":3,"16":3,"17":2},"f":{"0":11,"1":7,"2":7},"b":{"0":[0],"1":[2,5],"2":[2,3]}}
}
