TN:
SF:src/EmailNotifyService.ts
FN:20,(anonymous_0)
FN:38,(anonymous_1)
FN:54,(anonymous_2)
FN:58,(anonymous_3)
FN:67,(anonymous_4)
FNF:5
FNH:5
FNDA:7,(anonymous_0)
FNDA:3,(anonymous_1)
FNDA:2,(anonymous_2)
FNDA:2,(anonymous_3)
FNDA:1,(anonymous_4)
DA:2,1
DA:3,1
DA:11,1
DA:12,1
DA:13,1
DA:15,1
DA:25,7
DA:27,7
DA:28,6
DA:29,1
DA:30,0
DA:32,1
DA:35,6
DA:43,3
DA:44,3
DA:45,3
DA:51,3
DA:55,2
DA:59,2
DA:60,2
DA:68,1
DA:69,1
LF:22
LH:21
BRDA:27,0,0,6
BRDA:27,0,1,1
BRDA:29,1,0,0
BRDA:29,1,1,1
BRDA:29,2,0,1
BRDA:29,2,1,0
BRDA:35,3,0,6
BRDA:35,3,1,5
BRF:8
BRH:6
end_of_record
TN:
SF:src/providers/ResendProvider.ts
FN:8,(anonymous_0)
FN:12,(anonymous_1)
FNF:2
FNH:2
FNDA:4,(anonymous_0)
FNDA:4,(anonymous_1)
DA:1,2
DA:5,2
DA:9,4
DA:13,4
DA:14,4
DA:22,3
DA:23,1
DA:29,2
DA:32,1
DA:33,1
LF:10
LH:10
BRDA:22,0,0,1
BRDA:22,0,1,2
BRDA:25,1,0,1
BRDA:25,1,1,0
BRDA:32,2,0,1
BRDA:32,2,1,0
BRF:6
BRH:4
end_of_record
TN:
SF:src/templates/appointment-cancel.ts
FN:3,buildAppointmentCancelEmail
FNF:1
FNH:1
FNDA:1,buildAppointmentCancelEmail
DA:3,1
DA:4,1
DA:9,1
DA:26,1
LF:4
LH:4
BRDA:17,0,0,1
BRDA:17,0,1,0
BRF:2
BRH:1
end_of_record
TN:
SF:src/templates/appointment-save.ts
FN:3,buildAppointmentSaveEmail
FNF:1
FNH:1
FNDA:2,buildAppointmentSaveEmail
DA:3,1
DA:4,2
DA:9,2
DA:30,2
LF:4
LH:4
BRDA:17,0,0,0
BRDA:17,0,1,2
BRDA:22,1,0,0
BRDA:22,1,1,2
BRF:4
BRH:2
end_of_record
TN:
SF:src/templates/reset-password.ts
FN:3,buildResetPasswordEmail
FNF:1
FNH:1
FNDA:3,buildResetPasswordEmail
DA:3,1
DA:7,3
DA:8,3
DA:19,3
DA:21,3
LF:5
LH:5
BRF:0
BRH:0
end_of_record
TN:
SF:src/token/TokenService.ts
FN:5,(anonymous_0)
FN:10,(anonymous_1)
FN:19,(anonymous_2)
FNF:3
FNH:3
FNDA:11,(anonymous_0)
FNDA:7,(anonymous_1)
FNDA:7,(anonymous_2)
DA:1,2
DA:4,2
DA:6,11
DA:7,11
DA:11,7
DA:12,7
DA:13,7
DA:15,7
DA:16,7
DA:20,7
DA:21,7
DA:23,7
DA:24,2
DA:27,5
DA:28,2
DA:29,2
DA:32,3
DA:33,3
LF:18
LH:18
BRDA:7,0,0,0
BRDA:23,1,0,2
BRDA:23,1,1,5
BRDA:27,2,0,2
BRDA:27,2,1,3
BRF:5
BRH:4
end_of_record
